#
# A fatal error has been detected by the Java Runtime Environment:
#
#  SIGSEGV (0xb) at pc=0x0000000104f83925, pid=11016, tid=0x0000000000006103
#
# JRE version: Java(TM) SE Runtime Environment (8.0_101-b13) (build 1.8.0_101-b13)
# Java VM: Java HotSpot(TM) 64-Bit Server VM (25.101-b13 mixed mode bsd-amd64 compressed oops)
# Problematic frame:
# V  [libjvm.dylib+0x183925]
#
# Failed to write core dump. Core dumps have been disabled. To enable core dumping, try "ulimit -c unlimited" before starting Java again
#
# If you would like to submit a bug report, please visit:
#   http://bugreport.java.com/bugreport/crash.jsp
#

---------------  T H R E A D  ---------------

Current thread (0x00007fd4fd45c800):  JavaThread "Daemon worker" [_thread_in_vm, id=24835, stack(0x0000700001a68000,0x0000700001b68000)]

siginfo: si_signo: 11 (SIGSEGV), si_code: 1 (SEGV_MAPERR), si_addr: 0x000000011f490338

Registers:
RAX=0x0000000000006300, RBX=0x0000000000000e06, RCX=0x0000700001b5eb10, RDX=0x000000011f45eae8
RSP=0x0000700001b5e3d0, RBP=0x0000700001b5e680, RSI=0x0000700001b50e06, RDI=0x0000700001b5e6e0
R8 =0x00007fd4fd45c800, R9 =0x0000000000000000, R10=0x0000000000000001, R11=0xffff90011d9032dc
R12=0x000000000000000d, R13=0x00007fd4fd45c800, R14=0x0000000000000000, R15=0x0000700001b5eb10
RIP=0x0000000104f83925, EFLAGS=0x0000000000010246, ERR=0x0000000000000004
  TRAPNO=0x000000000000000e

Top of Stack: (sp=0x0000700001b5e3d0)
0x0000700001b5e3d0:   0000000000000000 00007fd400000000
0x0000700001b5e3e0:   0000000000000000 0000700000000000
0x0000700001b5e3f0:   0000000000000000 0000000100000000
0x0000700001b5e400:   0000000000000000 00007fd400000000
0x0000700001b5e410:   0000000000000000 0000000100000000
0x0000700001b5e420:   00007fd4fd45c800 0000000000000018
0x0000700001b5e430:   00000000000001c5 0000700001b5e920
0x0000700001b5e440:   0000000103d268c0 63007fd4fd45c800
0x0000700001b5e450:   0000000103d26840 0000000000000000
0x0000700001b5e460:   0000000000000000 0000000000000000
0x0000700001b5e470:   0000000000000000 0000000000000000
0x0000700001b5e480:   0000000000000000 0000000105288e61
0x0000700001b5e490:   0000000000000000 0000000000000000
0x0000700001b5e4a0:   0000000000000000 ffffffff00000000
0x0000700001b5e4b0:   ffff00000100e4d0 0000000000000000
0x0000700001b5e4c0:   0000000100000004 00007fd4fbe8487f
0x0000700001b5e4d0:   0000000000000000 0100000000000000
0x0000700001b5e4e0:   00007000fbe80000 00000000000001ad
0x0000700001b5e4f0:   3700000000000195 00007fd4fbe82717
0x0000700001b5e500:   0000000000000000 0000700001b5e6e0
0x0000700001b5e510:   0000000001b5e530 00007fd4fbe80100
0x0000700001b5e520:   00000037fa405680 fbe80005fd450000
0x0000700001b5e530:   0000700001b5e560 0000000105247282
0x0000700001b5e540:   00007fd4fbe80100 fd450000006087b0
0x0000700001b5e550:   00007fd4fd45c800 0000000000000001
0x0000700001b5e560:   0000001001b5e5a0 0000000000000000
0x0000700001b5e570:   0000000001b5e5a0 00007fd4fbe852e0
0x0000700001b5e580:   0000700001b5eb10 00007fd4fd45c800
0x0000700001b5e590:   000000010560fd20 0000000103d268c0
0x0000700001b5e5a0:   0000000000000034 000001000000000e
0x0000700001b5e5b0:   00007fd400000000 0000001200000000
0x0000700001b5e5c0:   0000104d00000000 0000000000000000 

Instructions: (pc=0x0000000104f83925)
0x0000000104f83905:   ff ff ff 49 83 78 08 00 0f 85 4f ff ff ff 0f b7
0x0000000104f83915:   85 ce fd ff ff 48 8b 8d 00 ff ff ff 48 8b 51 50
0x0000000104f83925:   48 8b 44 c2 50 48 89 85 d0 fd ff ff 48 89 cf 48
0x0000000104f83935:   89 c6 4d 89 c6 4c 89 f2 e8 6a a0 ff ff 49 83 7e 

Register to memory mapping:

RAX=0x0000000000006300 is an unknown value
RBX=0x0000000000000e06 is an unknown value
RCX=0x0000700001b5eb10 is pointing into the stack for thread: 0x00007fd4fd45c800
RDX=0x000000011f45eae8 is pointing into metadata
RSP=0x0000700001b5e3d0 is pointing into the stack for thread: 0x00007fd4fd45c800
RBP=0x0000700001b5e680 is pointing into the stack for thread: 0x00007fd4fd45c800
RSI=0x0000700001b50e06 is pointing into the stack for thread: 0x00007fd4fd45c800
RDI=0x0000700001b5e6e0 is pointing into the stack for thread: 0x00007fd4fd45c800
R8 =0x00007fd4fd45c800 is a thread
R9 =0x0000000000000000 is an unknown value
R10=0x0000000000000001 is an unknown value
R11=0xffff90011d9032dc is an unknown value
R12=0x000000000000000d is an unknown value
R13=0x00007fd4fd45c800 is a thread
R14=0x0000000000000000 is an unknown value
R15=0x0000700001b5eb10 is pointing into the stack for thread: 0x00007fd4fd45c800


Stack: [0x0000700001a68000,0x0000700001b68000],  sp=0x0000700001b5e3d0,  free space=984k
Native frames: (J=compiled Java code, j=interpreted, Vv=VM code, C=native code)
V  [libjvm.dylib+0x183925]
V  [libjvm.dylib+0x1859aa]
V  [libjvm.dylib+0x18843c]
V  [libjvm.dylib+0x18a7d9]
V  [libjvm.dylib+0x53a633]
V  [libjvm.dylib+0x539fb1]
V  [libjvm.dylib+0x53aa34]
V  [libjvm.dylib+0x53b0e7]
V  [libjvm.dylib+0x1e2582]
V  [libjvm.dylib+0x1f29ae]
V  [libjvm.dylib+0x2e8943]
j  sun.security.provider.X509Factory.engineGenerateCertificate(Ljava/io/InputStream;)Ljava/security/cert/Certificate;+49
j  java.security.cert.CertificateFactory.generateCertificate(Ljava/io/InputStream;)Ljava/security/cert/Certificate;+5
j  sun.security.pkcs.PKCS7.parseSignedData(Lsun/security/util/DerValue;)V+264
j  sun.security.pkcs.PKCS7.parse(Lsun/security/util/DerInputStream;Z)V+47
j  sun.security.pkcs.PKCS7.parse(Lsun/security/util/DerInputStream;)V+11
j  sun.security.pkcs.PKCS7.<init>([B)V+50
j  sun.security.util.SignatureFileVerifier.<init>(Ljava/util/ArrayList;Lsun/security/util/ManifestDigester;Ljava/lang/String;[B)V+29
j  java.util.jar.JarVerifier.processEntry(Lsun/security/util/ManifestEntryVerifier;)V+311
j  java.util.jar.JarVerifier.update(I[BIILsun/security/util/ManifestEntryVerifier;)V+39
j  java.util.jar.JarFile.initializeVerifier()V+143
J 587 C1 java.util.jar.JarFile.getInputStream(Ljava/util/zip/ZipEntry;)Ljava/io/InputStream; (89 bytes) @ 0x000000010602b19c [0x000000010602afa0+0x1fc]
J 592 C1 sun.misc.URLClassPath$JarLoader$2.getInputStream()Ljava/io/InputStream; (15 bytes) @ 0x000000010602e8a4 [0x000000010602e780+0x124]
J 2956 C1 sun.misc.Resource.getByteBuffer()Ljava/nio/ByteBuffer; (24 bytes) @ 0x000000010680641c [0x00000001068061c0+0x25c]
J 1879 C2 java.net.URLClassLoader$1.run()Ljava/lang/Object; (5 bytes) @ 0x00000001066a3cc0 [0x00000001066a3200+0xac0]
v  ~StubRoutines::call_stub
V  [libjvm.dylib+0x2ecf06]
V  [libjvm.dylib+0x34d69c]
J 298  java.security.AccessController.doPrivileged(Ljava/security/PrivilegedExceptionAction;Ljava/security/AccessControlContext;)Ljava/lang/Object; (0 bytes) @ 0x0000000105f40815 [0x0000000105f40740+0xd5]
J 1332 C2 java.net.URLClassLoader.findClass(Ljava/lang/String;)Ljava/lang/Class; (47 bytes) @ 0x00000001061ef9fc [0x00000001061ef960+0x9c]
J 1674 C2 java.lang.ClassLoader.loadClass(Ljava/lang/String;Z)Ljava/lang/Class; (122 bytes) @ 0x00000001063f5c50 [0x00000001063f5840+0x410]
J 3139 C2 java.lang.ClassLoader.loadClass(Ljava/lang/String;)Ljava/lang/Class; (7 bytes) @ 0x0000000106899ae0 [0x0000000106899aa0+0x40]
v  ~StubRoutines::call_stub
V  [libjvm.dylib+0x2ecf06]
V  [libjvm.dylib+0x2ed694]
V  [libjvm.dylib+0x2ed7ec]
V  [libjvm.dylib+0x53a818]
V  [libjvm.dylib+0x539fb1]
V  [libjvm.dylib+0x53aa34]
V  [libjvm.dylib+0x53b0e7]
V  [libjvm.dylib+0x5858c2]
V  [libjvm.dylib+0x50754f]
V  [libjvm.dylib+0x588445]
V  [libjvm.dylib+0x58d341]
V  [libjvm.dylib+0x5a4c62]
V  [libjvm.dylib+0x5a58be]
V  [libjvm.dylib+0x2c094f]
V  [libjvm.dylib+0x2c0cb1]
V  [libjvm.dylib+0x2c0ce9]
V  [libjvm.dylib+0x2c140f]
V  [libjvm.dylib+0x3cd7b2]
V  [libjvm.dylib+0x3cd9c6]
V  [libjvm.dylib+0x3cda87]
V  [libjvm.dylib+0x2e734d]
j  com.android.builder.signing.DefaultSigningConfig.initDebug()V+5
j  com.android.build.gradle.internal.dsl.SigningConfig.<init>(Ljava/lang/String;)V+15
j  com.android.build.gradle.internal.dsl.SigningConfig_Decorated.<init>(Ljava/lang/String;)V+2
v  ~StubRoutines::call_stub
V  [libjvm.dylib+0x2ecf06]
V  [libjvm.dylib+0x4d1214]
V  [libjvm.dylib+0x4d1559]
V  [libjvm.dylib+0x3451ad]
J 1886  sun.reflect.NativeConstructorAccessorImpl.newInstance0(Ljava/lang/reflect/Constructor;[Ljava/lang/Object;)Ljava/lang/Object; (0 bytes) @ 0x0000000106469955 [0x0000000106469880+0xd5]
J 1885 C1 sun.reflect.NativeConstructorAccessorImpl.newInstance([Ljava/lang/Object;)Ljava/lang/Object; (89 bytes) @ 0x000000010648633c [0x00000001064852c0+0x107c]
J 1807 C1 sun.reflect.DelegatingConstructorAccessorImpl.newInstance([Ljava/lang/Object;)Ljava/lang/Object; (9 bytes) @ 0x0000000106447d4c [0x0000000106447c40+0x10c]
J 1374 C1 java.lang.reflect.Constructor.newInstance([Ljava/lang/Object;)Ljava/lang/Object; (87 bytes) @ 0x0000000106208e8c [0x00000001062089c0+0x4cc]
j  org.gradle.internal.reflect.DirectInstantiator.newInstance(Ljava/lang/Class;[Ljava/lang/Object;)Ljava/lang/Object;+18
j  org.gradle.api.internal.ClassGeneratorBackedInstantiator.newInstance(Ljava/lang/Class;[Ljava/lang/Object;)Ljava/lang/Object;+19
j  com.android.build.gradle.internal.dsl.SigningConfigFactory.create(Ljava/lang/String;)Lcom/android/build/gradle/internal/dsl/SigningConfig;+14
j  com.android.build.gradle.internal.dsl.SigningConfigFactory.create(Ljava/lang/String;)Ljava/lang/Object;+2
j  org.gradle.api.internal.FactoryNamedDomainObjectContainer.doCreate(Ljava/lang/String;)Ljava/lang/Object;+5
j  org.gradle.api.internal.AbstractNamedDomainObjectContainer.create(Ljava/lang/String;Lorg/gradle/api/Action;)Ljava/lang/Object;+7
j  org.gradle.api.internal.AbstractNamedDomainObjectContainer.create(Ljava/lang/String;)Ljava/lang/Object;+5
j  com.android.build.gradle.internal.variant.ApplicationVariantFactory.createDefaultComponents(Lorg/gradle/api/NamedDomainObjectContainer;Lorg/gradle/api/NamedDomainObjectContainer;Lorg/gradle/api/NamedDomainObjectContainer;)V+3
j  com.android.build.gradle.BasePlugin.createExtension()V+561
j  com.android.build.gradle.BasePlugin.access$000(Lcom/android/build/gradle/BasePlugin;)V+1
j  com.android.build.gradle.BasePlugin$2.call()Ljava/lang/Void;+4
j  com.android.build.gradle.BasePlugin$2.call()Ljava/lang/Object;+1
j  com.android.builder.profile.ThreadRecorder.record(Lcom/google/wireless/android/sdk/stats/AndroidStudioStats$GradleBuildProfileSpan$ExecutionType;Lcom/google/wireless/android/sdk/stats/AndroidStudioStats$GradleTransformExecution;Ljava/lang/String;Ljava/lang/String;Lcom/android/builder/profile/Recorder$Block;)Ljava/lang/Object;+98
j  com.android.builder.profile.ThreadRecorder.record(Lcom/google/wireless/android/sdk/stats/AndroidStudioStats$GradleBuildProfileSpan$ExecutionType;Ljava/lang/String;Ljava/lang/String;Lcom/android/builder/profile/Recorder$Block;)Ljava/lang/Object;+7
j  com.android.build.gradle.BasePlugin.apply(Lorg/gradle/api/Project;)V+168
j  com.android.build.gradle.AppPlugin.apply(Lorg/gradle/api/Project;)V+2
j  com.android.build.gradle.AppPlugin.apply(Ljava/lang/Object;)V+5
j  org.gradle.api.internal.plugins.ImperativeOnlyPluginApplicator.applyImperative(Ljava/lang/String;Lorg/gradle/api/Plugin;)V+13
j  org.gradle.api.internal.plugins.RuleBasedPluginApplicator.applyImperative(Ljava/lang/String;Lorg/gradle/api/Plugin;)V+6
j  org.gradle.api.internal.plugins.DefaultPluginManager.doApply(Lorg/gradle/api/internal/plugins/PluginImplementation;)V+157
j  org.gradle.api.internal.plugins.DefaultPluginManager.apply(Ljava/lang/String;)V+52
j  org.gradle.api.internal.plugins.DefaultObjectConfigurationAction.applyType(Ljava/lang/String;)V+43
j  org.gradle.api.internal.plugins.DefaultObjectConfigurationAction.access$200(Lorg/gradle/api/internal/plugins/DefaultObjectConfigurationAction;Ljava/lang/String;)V+2
j  org.gradle.api.internal.plugins.DefaultObjectConfigurationAction$3.run()V+8
j  org.gradle.api.internal.plugins.DefaultObjectConfigurationAction.execute()V+58
j  org.gradle.api.internal.project.AbstractPluginAware.apply(Ljava/util/Map;)V+12
j  org.gradle.api.internal.project.ProjectScript.apply(Ljava/util/Map;)V+5
j  org.gradle.api.Script$apply$0.callCurrent(Lgroovy/lang/GroovyObject;[Ljava/lang/Object;)Ljava/lang/Object;+19
j  org.codehaus.groovy.runtime.callsite.CallSiteArray.defaultCallCurrent(Lorg/codehaus/groovy/runtime/callsite/CallSite;Lgroovy/lang/GroovyObject;[Ljava/lang/Object;)Ljava/lang/Object;+17
j  org.codehaus.groovy.runtime.callsite.AbstractCallSite.callCurrent(Lgroovy/lang/GroovyObject;[Ljava/lang/Object;)Ljava/lang/Object;+3
j  org.codehaus.groovy.runtime.callsite.AbstractCallSite.callCurrent(Lgroovy/lang/GroovyObject;Ljava/lang/Object;)Ljava/lang/Object;+33
j  build_3frefzmdq7a9xnw72pjifuev7.run()Ljava/lang/Object;+26
j  org.gradle.groovy.scripts.internal.DefaultScriptRunnerFactory$ScriptRunnerImpl.run(Ljava/lang/Object;Lorg/gradle/internal/service/ServiceRegistry;)V+60
j  org.gradle.configuration.DefaultScriptPluginFactory$ScriptPluginImpl$2.run()V+12
...<more frames>...

Java frames: (J=compiled Java code, j=interpreted, Vv=VM code)
j  sun.security.provider.X509Factory.engineGenerateCertificate(Ljava/io/InputStream;)Ljava/security/cert/Certificate;+49
j  java.security.cert.CertificateFactory.generateCertificate(Ljava/io/InputStream;)Ljava/security/cert/Certificate;+5
j  sun.security.pkcs.PKCS7.parseSignedData(Lsun/security/util/DerValue;)V+264
j  sun.security.pkcs.PKCS7.parse(Lsun/security/util/DerInputStream;Z)V+47
j  sun.security.pkcs.PKCS7.parse(Lsun/security/util/DerInputStream;)V+11
j  sun.security.pkcs.PKCS7.<init>([B)V+50
j  sun.security.util.SignatureFileVerifier.<init>(Ljava/util/ArrayList;Lsun/security/util/ManifestDigester;Ljava/lang/String;[B)V+29
j  java.util.jar.JarVerifier.processEntry(Lsun/security/util/ManifestEntryVerifier;)V+311
j  java.util.jar.JarVerifier.update(I[BIILsun/security/util/ManifestEntryVerifier;)V+39
j  java.util.jar.JarFile.initializeVerifier()V+143
J 587 C1 java.util.jar.JarFile.getInputStream(Ljava/util/zip/ZipEntry;)Ljava/io/InputStream; (89 bytes) @ 0x000000010602b19c [0x000000010602afa0+0x1fc]
J 592 C1 sun.misc.URLClassPath$JarLoader$2.getInputStream()Ljava/io/InputStream; (15 bytes) @ 0x000000010602e8a4 [0x000000010602e780+0x124]
J 2956 C1 sun.misc.Resource.getByteBuffer()Ljava/nio/ByteBuffer; (24 bytes) @ 0x000000010680641c [0x00000001068061c0+0x25c]
J 1879 C2 java.net.URLClassLoader$1.run()Ljava/lang/Object; (5 bytes) @ 0x00000001066a3cc0 [0x00000001066a3200+0xac0]
v  ~StubRoutines::call_stub
J 298  java.security.AccessController.doPrivileged(Ljava/security/PrivilegedExceptionAction;Ljava/security/AccessControlContext;)Ljava/lang/Object; (0 bytes) @ 0x0000000105f407a3 [0x0000000105f40740+0x63]
J 1332 C2 java.net.URLClassLoader.findClass(Ljava/lang/String;)Ljava/lang/Class; (47 bytes) @ 0x00000001061ef9fc [0x00000001061ef960+0x9c]
J 1674 C2 java.lang.ClassLoader.loadClass(Ljava/lang/String;Z)Ljava/lang/Class; (122 bytes) @ 0x00000001063f5c50 [0x00000001063f5840+0x410]
J 3139 C2 java.lang.ClassLoader.loadClass(Ljava/lang/String;)Ljava/lang/Class; (7 bytes) @ 0x0000000106899ae0 [0x0000000106899aa0+0x40]
v  ~StubRoutines::call_stub
j  com.android.builder.signing.DefaultSigningConfig.initDebug()V+5
j  com.android.build.gradle.internal.dsl.SigningConfig.<init>(Ljava/lang/String;)V+15
j  com.android.build.gradle.internal.dsl.SigningConfig_Decorated.<init>(Ljava/lang/String;)V+2
v  ~StubRoutines::call_stub
J 1886  sun.reflect.NativeConstructorAccessorImpl.newInstance0(Ljava/lang/reflect/Constructor;[Ljava/lang/Object;)Ljava/lang/Object; (0 bytes) @ 0x00000001064698e3 [0x0000000106469880+0x63]
J 1885 C1 sun.reflect.NativeConstructorAccessorImpl.newInstance([Ljava/lang/Object;)Ljava/lang/Object; (89 bytes) @ 0x000000010648633c [0x00000001064852c0+0x107c]
J 1807 C1 sun.reflect.DelegatingConstructorAccessorImpl.newInstance([Ljava/lang/Object;)Ljava/lang/Object; (9 bytes) @ 0x0000000106447d4c [0x0000000106447c40+0x10c]
J 1374 C1 java.lang.reflect.Constructor.newInstance([Ljava/lang/Object;)Ljava/lang/Object; (87 bytes) @ 0x0000000106208e8c [0x00000001062089c0+0x4cc]
j  org.gradle.internal.reflect.DirectInstantiator.newInstance(Ljava/lang/Class;[Ljava/lang/Object;)Ljava/lang/Object;+18
j  org.gradle.api.internal.ClassGeneratorBackedInstantiator.newInstance(Ljava/lang/Class;[Ljava/lang/Object;)Ljava/lang/Object;+19
j  com.android.build.gradle.internal.dsl.SigningConfigFactory.create(Ljava/lang/String;)Lcom/android/build/gradle/internal/dsl/SigningConfig;+14
j  com.android.build.gradle.internal.dsl.SigningConfigFactory.create(Ljava/lang/String;)Ljava/lang/Object;+2
j  org.gradle.api.internal.FactoryNamedDomainObjectContainer.doCreate(Ljava/lang/String;)Ljava/lang/Object;+5
j  org.gradle.api.internal.AbstractNamedDomainObjectContainer.create(Ljava/lang/String;Lorg/gradle/api/Action;)Ljava/lang/Object;+7
j  org.gradle.api.internal.AbstractNamedDomainObjectContainer.create(Ljava/lang/String;)Ljava/lang/Object;+5
j  com.android.build.gradle.internal.variant.ApplicationVariantFactory.createDefaultComponents(Lorg/gradle/api/NamedDomainObjectContainer;Lorg/gradle/api/NamedDomainObjectContainer;Lorg/gradle/api/NamedDomainObjectContainer;)V+3
j  com.android.build.gradle.BasePlugin.createExtension()V+561
j  com.android.build.gradle.BasePlugin.access$000(Lcom/android/build/gradle/BasePlugin;)V+1
j  com.android.build.gradle.BasePlugin$2.call()Ljava/lang/Void;+4
j  com.android.build.gradle.BasePlugin$2.call()Ljava/lang/Object;+1
j  com.android.builder.profile.ThreadRecorder.record(Lcom/google/wireless/android/sdk/stats/AndroidStudioStats$GradleBuildProfileSpan$ExecutionType;Lcom/google/wireless/android/sdk/stats/AndroidStudioStats$GradleTransformExecution;Ljava/lang/String;Ljava/lang/String;Lcom/android/builder/profile/Recorder$Block;)Ljava/lang/Object;+98
j  com.android.builder.profile.ThreadRecorder.record(Lcom/google/wireless/android/sdk/stats/AndroidStudioStats$GradleBuildProfileSpan$ExecutionType;Ljava/lang/String;Ljava/lang/String;Lcom/android/builder/profile/Recorder$Block;)Ljava/lang/Object;+7
j  com.android.build.gradle.BasePlugin.apply(Lorg/gradle/api/Project;)V+168
j  com.android.build.gradle.AppPlugin.apply(Lorg/gradle/api/Project;)V+2
j  com.android.build.gradle.AppPlugin.apply(Ljava/lang/Object;)V+5
j  org.gradle.api.internal.plugins.ImperativeOnlyPluginApplicator.applyImperative(Ljava/lang/String;Lorg/gradle/api/Plugin;)V+13
j  org.gradle.api.internal.plugins.RuleBasedPluginApplicator.applyImperative(Ljava/lang/String;Lorg/gradle/api/Plugin;)V+6
j  org.gradle.api.internal.plugins.DefaultPluginManager.doApply(Lorg/gradle/api/internal/plugins/PluginImplementation;)V+157
j  org.gradle.api.internal.plugins.DefaultPluginManager.apply(Ljava/lang/String;)V+52
j  org.gradle.api.internal.plugins.DefaultObjectConfigurationAction.applyType(Ljava/lang/String;)V+43
j  org.gradle.api.internal.plugins.DefaultObjectConfigurationAction.access$200(Lorg/gradle/api/internal/plugins/DefaultObjectConfigurationAction;Ljava/lang/String;)V+2
j  org.gradle.api.internal.plugins.DefaultObjectConfigurationAction$3.run()V+8
j  org.gradle.api.internal.plugins.DefaultObjectConfigurationAction.execute()V+58
j  org.gradle.api.internal.project.AbstractPluginAware.apply(Ljava/util/Map;)V+12
j  org.gradle.api.internal.project.ProjectScript.apply(Ljava/util/Map;)V+5
j  org.gradle.api.Script$apply$0.callCurrent(Lgroovy/lang/GroovyObject;[Ljava/lang/Object;)Ljava/lang/Object;+19
j  org.codehaus.groovy.runtime.callsite.CallSiteArray.defaultCallCurrent(Lorg/codehaus/groovy/runtime/callsite/CallSite;Lgroovy/lang/GroovyObject;[Ljava/lang/Object;)Ljava/lang/Object;+17
j  org.codehaus.groovy.runtime.callsite.AbstractCallSite.callCurrent(Lgroovy/lang/GroovyObject;[Ljava/lang/Object;)Ljava/lang/Object;+3
j  org.codehaus.groovy.runtime.callsite.AbstractCallSite.callCurrent(Lgroovy/lang/GroovyObject;Ljava/lang/Object;)Ljava/lang/Object;+33
j  build_3frefzmdq7a9xnw72pjifuev7.run()Ljava/lang/Object;+26
j  org.gradle.groovy.scripts.internal.DefaultScriptRunnerFactory$ScriptRunnerImpl.run(Ljava/lang/Object;Lorg/gradle/internal/service/ServiceRegistry;)V+60
j  org.gradle.configuration.DefaultScriptPluginFactory$ScriptPluginImpl$2.run()V+12
j  org.gradle.configuration.ProjectScriptTarget.addConfiguration(Ljava/lang/Runnable;Z)V+18
j  org.gradle.configuration.DefaultScriptPluginFactory$ScriptPluginImpl.apply(Ljava/lang/Object;)V+541
j  org.gradle.configuration.project.BuildScriptProcessor.execute(Lorg/gradle/api/internal/project/ProjectInternal;)V+67
j  org.gradle.configuration.project.BuildScriptProcessor.execute(Ljava/lang/Object;)V+5
j  org.gradle.configuration.project.ConfigureActionsProjectEvaluator.evaluate(Lorg/gradle/api/internal/project/ProjectInternal;Lorg/gradle/api/internal/project/ProjectStateInternal;)V+33
j  org.gradle.configuration.project.LifecycleProjectEvaluator.evaluate(Lorg/gradle/api/internal/project/ProjectInternal;Lorg/gradle/api/internal/project/ProjectStateInternal;)V+54
j  org.gradle.api.internal.project.AbstractProject.evaluate()Lorg/gradle/api/internal/project/AbstractProject;+9
j  org.gradle.api.internal.project.AbstractProject.evaluate()Lorg/gradle/api/Project;+1
j  org.gradle.execution.TaskPathProjectEvaluator.configure(Lorg/gradle/api/internal/project/ProjectInternal;)V+21
j  org.gradle.execution.TaskSelector.getSelection(Ljava/lang/String;Lorg/gradle/api/internal/project/ProjectInternal;)Lorg/gradle/execution/TaskSelector$TaskSelection;+29
j  org.gradle.execution.TaskSelector.getSelection(Ljava/lang/String;Ljava/lang/String;)Lorg/gradle/execution/TaskSelector$TaskSelection;+35
j  org.gradle.execution.commandline.CommandLineTaskParser.parseTasks(Lorg/gradle/TaskExecutionRequest;)Ljava/util/List;+51
j  org.gradle.execution.TaskNameResolvingBuildConfigurationAction.configure(Lorg/gradle/execution/BuildExecutionContext;)V+62
j  org.gradle.execution.DefaultBuildConfigurationActionExecuter.configure(Ljava/util/List;Lorg/gradle/api/internal/GradleInternal;I)V+32
j  org.gradle.execution.DefaultBuildConfigurationActionExecuter.access$000(Lorg/gradle/execution/DefaultBuildConfigurationActionExecuter;Ljava/util/List;Lorg/gradle/api/internal/GradleInternal;I)V+4
j  org.gradle.execution.DefaultBuildConfigurationActionExecuter$1.proceed()V+18
j  org.gradle.execution.DefaultTasksBuildExecutionAction.configure(Lorg/gradle/execution/BuildExecutionContext;)V+58
j  org.gradle.execution.DefaultBuildConfigurationActionExecuter.configure(Ljava/util/List;Lorg/gradle/api/internal/GradleInternal;I)V+32
j  org.gradle.execution.DefaultBuildConfigurationActionExecuter.access$000(Lorg/gradle/execution/DefaultBuildConfigurationActionExecuter;Ljava/util/List;Lorg/gradle/api/internal/GradleInternal;I)V+4
j  org.gradle.execution.DefaultBuildConfigurationActionExecuter$1.proceed()V+18
j  org.gradle.execution.ExcludedTaskFilteringBuildConfigurationAction.configure(Lorg/gradle/execution/BuildExecutionContext;)V+102
j  org.gradle.execution.DefaultBuildConfigurationActionExecuter.configure(Ljava/util/List;Lorg/gradle/api/internal/GradleInternal;I)V+32
j  org.gradle.execution.DefaultBuildConfigurationActionExecuter.select(Lorg/gradle/api/internal/GradleInternal;)V+29
j  org.gradle.initialization.DefaultGradleLauncher$3.run()V+14
j  org.gradle.internal.Factories$1.create()Ljava/lang/Object;+4
j  org.gradle.internal.progress.DefaultBuildOperationExecutor.run(Lorg/gradle/internal/progress/BuildOperationDetails;Lorg/gradle/internal/Factory;)Ljava/lang/Object;+171
j  org.gradle.internal.progress.DefaultBuildOperationExecutor.run(Ljava/lang/String;Ljava/lang/Runnable;)V+12
j  org.gradle.initialization.DefaultGradleLauncher.doBuildStages(Lorg/gradle/initialization/DefaultGradleLauncher$Stage;)V+66
j  org.gradle.initialization.DefaultGradleLauncher.access$200(Lorg/gradle/initialization/DefaultGradleLauncher;Lorg/gradle/initialization/DefaultGradleLauncher$Stage;)V+2
j  org.gradle.initialization.DefaultGradleLauncher$1.create()Lorg/gradle/BuildResult;+29
j  org.gradle.initialization.DefaultGradleLauncher$1.create()Ljava/lang/Object;+1
j  org.gradle.internal.progress.DefaultBuildOperationExecutor.run(Lorg/gradle/internal/progress/BuildOperationDetails;Lorg/gradle/internal/Factory;)Ljava/lang/Object;+171
j  org.gradle.internal.progress.DefaultBuildOperationExecutor.run(Ljava/lang/String;Lorg/gradle/internal/Factory;)Ljava/lang/Object;+9
j  org.gradle.initialization.DefaultGradleLauncher.doBuild(Lorg/gradle/initialization/DefaultGradleLauncher$Stage;)Lorg/gradle/BuildResult;+15
j  org.gradle.initialization.DefaultGradleLauncher.run()Lorg/gradle/BuildResult;+4
j  org.gradle.launcher.exec.InProcessBuildActionExecuter$DefaultBuildController.run()Lorg/gradle/api/internal/GradleInternal;+4
j  org.gradle.tooling.internal.provider.runner.BuildModelActionRunner.run(Lorg/gradle/internal/invocation/BuildAction;Lorg/gradle/internal/invocation/BuildController;)V+29
j  org.gradle.launcher.exec.ChainingBuildActionRunner.run(Lorg/gradle/internal/invocation/BuildAction;Lorg/gradle/internal/invocation/BuildController;)V+34
j  org.gradle.tooling.internal.provider.runner.SubscribableBuildActionRunner.run(Lorg/gradle/internal/invocation/BuildAction;Lorg/gradle/internal/invocation/BuildController;)V+37
j  org.gradle.launcher.exec.ChainingBuildActionRunner.run(Lorg/gradle/internal/invocation/BuildAction;Lorg/gradle/internal/invocation/BuildController;)V+34
j  org.gradle.launcher.exec.InProcessBuildActionExecuter.execute(Lorg/gradle/internal/invocation/BuildAction;Lorg/gradle/initialization/BuildRequestContext;Lorg/gradle/launcher/exec/BuildActionParameters;Lorg/gradle/internal/service/ServiceRegistry;)Ljava/lang/Object;+77
j  org.gradle.launcher.exec.InProcessBuildActionExecuter.execute(Lorg/gradle/internal/invocation/BuildAction;Lorg/gradle/initialization/BuildRequestContext;Ljava/lang/Object;Lorg/gradle/internal/service/ServiceRegistry;)Ljava/lang/Object;+9
j  org.gradle.launcher.exec.ContinuousBuildActionExecuter.execute(Lorg/gradle/internal/invocation/BuildAction;Lorg/gradle/initialization/BuildRequestContext;Lorg/gradle/launcher/exec/BuildActionParameters;Lorg/gradle/internal/service/ServiceRegistry;)Ljava/lang/Object;+114
j  org.gradle.launcher.exec.ContinuousBuildActionExecuter.execute(Lorg/gradle/internal/invocation/BuildAction;Lorg/gradle/initialization/BuildRequestContext;Ljava/lang/Object;Lorg/gradle/internal/service/ServiceRegistry;)Ljava/lang/Object;+9
j  org.gradle.launcher.daemon.server.exec.ExecuteBuild.doBuild(Lorg/gradle/launcher/daemon/server/api/DaemonCommandExecution;Lorg/gradle/launcher/daemon/protocol/Build;)V+74
j  org.gradle.launcher.daemon.server.exec.BuildCommandOnly.execute(Lorg/gradle/launcher/daemon/server/api/DaemonCommandExecution;)V+49
j  org.gradle.launcher.daemon.server.api.DaemonCommandExecution.proceed()Z+28
j  org.gradle.launcher.daemon.server.exec.WatchForDisconnection.execute(Lorg/gradle/launcher/daemon/server/api/DaemonCommandExecution;)V+19
j  org.gradle.launcher.daemon.server.api.DaemonCommandExecution.proceed()Z+28
j  org.gradle.launcher.daemon.server.exec.ResetDeprecationLogger.execute(Lorg/gradle/launcher/daemon/server/api/DaemonCommandExecution;)V+4
j  org.gradle.launcher.daemon.server.api.DaemonCommandExecution.proceed()Z+28
j  org.gradle.launcher.daemon.server.exec.RequestStopIfSingleUsedDaemon.execute(Lorg/gradle/launcher/daemon/server/api/DaemonCommandExecution;)V+31
j  org.gradle.launcher.daemon.server.api.DaemonCommandExecution.proceed()Z+28
j  org.gradle.launcher.daemon.server.exec.ForwardClientInput$2.call()Ljava/lang/Void;+4
j  org.gradle.launcher.daemon.server.exec.ForwardClientInput$2.call()Ljava/lang/Object;+1
j  org.gradle.util.Swapper.swap(Ljava/lang/Object;Ljava/util/concurrent/Callable;)Ljava/lang/Object;+21
j  org.gradle.launcher.daemon.server.exec.ForwardClientInput.execute(Lorg/gradle/launcher/daemon/server/api/DaemonCommandExecution;)V+63
j  org.gradle.launcher.daemon.server.api.DaemonCommandExecution.proceed()Z+28
j  org.gradle.launcher.daemon.server.health.DaemonHealthTracker.execute(Lorg/gradle/launcher/daemon/server/api/DaemonCommandExecution;)V+35
j  org.gradle.launcher.daemon.server.api.DaemonCommandExecution.proceed()Z+28
j  org.gradle.launcher.daemon.server.exec.LogToClient.doBuild(Lorg/gradle/launcher/daemon/server/api/DaemonCommandExecution;Lorg/gradle/launcher/daemon/protocol/Build;)V+87
j  org.gradle.launcher.daemon.server.exec.BuildCommandOnly.execute(Lorg/gradle/launcher/daemon/server/api/DaemonCommandExecution;)V+49
j  org.gradle.launcher.daemon.server.api.DaemonCommandExecution.proceed()Z+28
j  org.gradle.launcher.daemon.server.exec.EstablishBuildEnvironment.doBuild(Lorg/gradle/launcher/daemon/server/api/DaemonCommandExecution;Lorg/gradle/launcher/daemon/protocol/Build;)V+279
j  org.gradle.launcher.daemon.server.exec.BuildCommandOnly.execute(Lorg/gradle/launcher/daemon/server/api/DaemonCommandExecution;)V+49
j  org.gradle.launcher.daemon.server.api.DaemonCommandExecution.proceed()Z+28
j  org.gradle.launcher.daemon.server.health.HintGCAfterBuild.execute(Lorg/gradle/launcher/daemon/server/api/DaemonCommandExecution;)V+1
j  org.gradle.launcher.daemon.server.api.DaemonCommandExecution.proceed()Z+28
j  org.gradle.launcher.daemon.server.exec.StartBuildOrRespondWithBusy$1.run()V+44
j  org.gradle.launcher.daemon.server.DaemonStateCoordinator$1.run()V+4
j  org.gradle.internal.concurrent.ExecutorPolicy$CatchAndRecordFailures.onExecute(Ljava/lang/Runnable;)V+1
j  org.gradle.internal.concurrent.StoppableExecutorImpl$1.run()V+25
j  java.util.concurrent.ThreadPoolExecutor.runWorker(Ljava/util/concurrent/ThreadPoolExecutor$Worker;)V+95
j  java.util.concurrent.ThreadPoolExecutor$Worker.run()V+5
j  java.lang.Thread.run()V+11
v  ~StubRoutines::call_stub

---------------  P R O C E S S  ---------------

Java Threads: ( => current thread )
  0x00007fd4fbd9a800 JavaThread "pool-2-thread-1" [_thread_blocked, id=27395, stack(0x0000700001e9f000,0x0000700001f9f000)]
  0x00007fd4fb2ca800 JavaThread "File lock request listener" [_thread_in_native, id=26883, stack(0x0000700001d9c000,0x0000700001e9c000)]
  0x00007fd4ffb3b000 JavaThread "process reaper" daemon [_thread_blocked, id=26371, stack(0x0000700001d71000,0x0000700001d99000)]
  0x00007fd4fbc3e000 JavaThread "Stdin handler" [_thread_blocked, id=25859, stack(0x0000700001c6e000,0x0000700001d6e000)]
  0x00007fd4fa99b000 JavaThread "Asynchronous log dispatcher for org.gradle.launcher.daemon.server.DefaultDaemonConnection@10dee48a" [_thread_blocked, id=25347, stack(0x0000700001b6b000,0x0000700001c6b000)]
=>0x00007fd4fd45c800 JavaThread "Daemon worker" [_thread_in_vm, id=24835, stack(0x0000700001a68000,0x0000700001b68000)]
  0x00007fd4fa8d3000 JavaThread "Cancel handler" [_thread_blocked, id=24323, stack(0x0000700001965000,0x0000700001a65000)]
  0x00007fd4fbc36800 JavaThread "Handler for socket connection from /127.0.0.1:56242 to /127.0.0.1:56259" [_thread_in_native, id=23811, stack(0x0000700001862000,0x0000700001962000)]
  0x00007fd4fb1e5000 JavaThread "Daemon" [_thread_blocked, id=23299, stack(0x000070000175f000,0x000070000185f000)]
  0x00007fd4fe000800 JavaThread "Incoming local TCP Connector on port 56242" [_thread_in_native, id=22787, stack(0x000070000165c000,0x000070000175c000)]
  0x00007fd4fd2e4800 JavaThread "pool-1-thread-1" [_thread_blocked, id=22275, stack(0x0000700001559000,0x0000700001659000)]
  0x00007fd4fd021000 JavaThread "Service Thread" daemon [_thread_blocked, id=21251, stack(0x0000700001353000,0x0000700001453000)]
  0x00007fd4fc002000 JavaThread "C1 CompilerThread3" daemon [_thread_blocked, id=20739, stack(0x0000700001250000,0x0000700001350000)]
  0x00007fd4fa843000 JavaThread "C2 CompilerThread2" daemon [_thread_in_native, id=20227, stack(0x000070000114d000,0x000070000124d000)]
  0x00007fd4fa842000 JavaThread "C2 CompilerThread1" daemon [_thread_blocked, id=19715, stack(0x000070000104a000,0x000070000114a000)]
  0x00007fd4fb814000 JavaThread "C2 CompilerThread0" daemon [_thread_blocked, id=19203, stack(0x0000700000f47000,0x0000700001047000)]
  0x00007fd4fb813800 JavaThread "Signal Dispatcher" daemon [_thread_blocked, id=15887, stack(0x0000700000e44000,0x0000700000f44000)]
  0x00007fd4fb823800 JavaThread "Finalizer" daemon [_thread_blocked, id=14339, stack(0x0000700000c3b000,0x0000700000d3b000)]
  0x00007fd4fb823000 JavaThread "Reference Handler" daemon [_thread_blocked, id=13827, stack(0x0000700000b38000,0x0000700000c38000)]
  0x00007fd4fb806000 JavaThread "main" [_thread_blocked, id=5891, stack(0x000070000011a000,0x000070000021a000)]

Other Threads:
  0x00007fd4fa81b000 VMThread [stack: 0x0000700000a35000,0x0000700000b35000] [id=13315]
  0x00007fd4fd022000 WatcherThread [stack: 0x0000700001456000,0x0000700001556000] [id=21763]

VM state:not at safepoint (normal execution)

VM Mutex/Monitor currently owned by a thread: None

Heap:
 PSYoungGen      total 162304K, used 6220K [0x00000007a0000000, 0x00000007ad100000, 0x00000007c0000000)
  eden space 150016K, 4% used [0x00000007a0000000,0x00000007a0613130,0x00000007a9280000)
  from space 12288K, 0% used [0x00000007a9f80000,0x00000007a9f80000,0x00000007aab80000)
  to   space 13312K, 0% used [0x00000007a9280000,0x00000007a9280000,0x00000007a9f80000)
 ParOldGen       total 164864K, used 18198K [0x0000000760000000, 0x000000076a100000, 0x00000007a0000000)
  object space 164864K, 11% used [0x0000000760000000,0x00000007611c5bd0,0x000000076a100000)
 Metaspace       used 34817K, capacity 35446K, committed 35712K, reserved 1079296K
  class space    used 4799K, capacity 4978K, committed 4992K, reserved 1048576K

Card table byte_map: [0x000000011515d000,0x000000011545e000] byte_map_base: 0x000000011165d000

Marking Bits: (ParMarkBitMap*) 0x00000001056edd20
 Begin Bits: [0x000000011565e000, 0x0000000116e5e000)
 End Bits:   [0x0000000116e5e000, 0x000000011865e000)

Polling page: 0x0000000103c9d000

CodeCache: size=245760Kb used=12810Kb max_used=12824Kb free=232949Kb
 bounds [0x0000000105d9d000, 0x0000000106a3d000, 0x0000000114d9d000]
 total_blobs=4331 nmethods=3664 adapters=580
 compilation: enabled

Compilation events (10 events):
Event: 4.539 Thread 0x00007fd4fa842000 3668 %     4       sun.security.util.ManifestDigester::findSection @ 20 (180 bytes)
Event: 4.539 Thread 0x00007fd4fc002000 nmethod 3667 0x0000000106a0d690 code [0x0000000106a0d820, 0x0000000106a0dc90]
Event: 4.540 Thread 0x00007fd4fb814000 nmethod 3662 0x0000000106a15cd0 code [0x0000000106a15e40, 0x0000000106a16198]
Event: 4.544 Thread 0x00007fd4fc002000 3670       3       sun.security.util.ObjectIdentifier::pack7Oid (84 bytes)
Event: 4.544 Thread 0x00007fd4fc002000 nmethod 3670 0x0000000106a18c10 code [0x0000000106a18da0, 0x0000000106a19118]
Event: 4.545 Thread 0x00007fd4fc002000 3669       3       sun.security.util.ObjectIdentifier::pack7Oid (42 bytes)
Event: 4.545 Thread 0x00007fd4fc002000 nmethod 3669 0x0000000106a0d250 code [0x0000000106a0d3c0, 0x0000000106a0d5e8]
Event: 4.545 Thread 0x00007fd4fc002000 3671       3       sun.security.util.ObjectIdentifier::checkOtherComponent (39 bytes)
Event: 4.545 Thread 0x00007fd4fc002000 nmethod 3671 0x0000000106a17cd0 code [0x0000000106a17ec0, 0x0000000106a187e8]
Event: 4.545 Thread 0x00007fd4fa842000 nmethod 3668% 0x0000000106a13890 code [0x0000000106a13a00, 0x0000000106a13e78]

GC Heap History (10 events):
Event: 2.162 GC heap before
{Heap before GC invocations=4 (full 1):
 PSYoungGen      total 76288K, used 8725K [0x00000007a0000000, 0x00000007a9500000, 0x00000007c0000000)
  eden space 65536K, 0% used [0x00000007a0000000,0x00000007a0000000,0x00000007a4000000)
  from space 10752K, 81% used [0x00000007a4000000,0x00000007a4885428,0x00000007a4a80000)
  to   space 10752K, 0% used [0x00000007a8a80000,0x00000007a8a80000,0x00000007a9500000)
 ParOldGen       total 175104K, used 712K [0x0000000760000000, 0x000000076ab00000, 0x00000007a0000000)
  object space 175104K, 0% used [0x0000000760000000,0x00000007600b2318,0x000000076ab00000)
 Metaspace       used 20829K, capacity 21176K, committed 21296K, reserved 1067008K
  class space    used 2826K, capacity 2941K, committed 2944K, reserved 1048576K
Event: 2.206 GC heap after
Heap after GC invocations=4 (full 1):
 PSYoungGen      total 76288K, used 0K [0x00000007a0000000, 0x00000007a9500000, 0x00000007c0000000)
  eden space 65536K, 0% used [0x00000007a0000000,0x00000007a0000000,0x00000007a4000000)
  from space 10752K, 0% used [0x00000007a4000000,0x00000007a4000000,0x00000007a4a80000)
  to   space 10752K, 0% used [0x00000007a8a80000,0x00000007a8a80000,0x00000007a9500000)
 ParOldGen       total 103936K, used 8509K [0x0000000760000000, 0x0000000766580000, 0x00000007a0000000)
  object space 103936K, 8% used [0x0000000760000000,0x000000076084f638,0x0000000766580000)
 Metaspace       used 20829K, capacity 21176K, committed 21296K, reserved 1067008K
  class space    used 2826K, capacity 2941K, committed 2944K, reserved 1048576K
}
Event: 2.769 GC heap before
{Heap before GC invocations=5 (full 1):
 PSYoungGen      total 76288K, used 65536K [0x00000007a0000000, 0x00000007a9500000, 0x00000007c0000000)
  eden space 65536K, 100% used [0x00000007a0000000,0x00000007a4000000,0x00000007a4000000)
  from space 10752K, 0% used [0x00000007a4000000,0x00000007a4000000,0x00000007a4a80000)
  to   space 10752K, 0% used [0x00000007a8a80000,0x00000007a8a80000,0x00000007a9500000)
 ParOldGen       total 103936K, used 8509K [0x0000000760000000, 0x0000000766580000, 0x00000007a0000000)
  object space 103936K, 8% used [0x0000000760000000,0x000000076084f638,0x0000000766580000)
 Metaspace       used 25184K, capacity 25690K, committed 25984K, reserved 1071104K
  class space    used 3561K, capacity 3711K, committed 3712K, reserved 1048576K
Event: 2.779 GC heap after
Heap after GC invocations=5 (full 1):
 PSYoungGen      total 107520K, used 6505K [0x00000007a0000000, 0x00000007a9100000, 0x00000007c0000000)
  eden space 100864K, 0% used [0x00000007a0000000,0x00000007a0000000,0x00000007a6280000)
  from space 6656K, 97% used [0x00000007a8a80000,0x00000007a90da4d0,0x00000007a9100000)
  to   space 10752K, 0% used [0x00000007a7c00000,0x00000007a7c00000,0x00000007a8680000)
 ParOldGen       total 103936K, used 8517K [0x0000000760000000, 0x0000000766580000, 0x00000007a0000000)
  object space 103936K, 8% used [0x0000000760000000,0x0000000760851638,0x0000000766580000)
 Metaspace       used 25184K, capacity 25690K, committed 25984K, reserved 1071104K
  class space    used 3561K, capacity 3711K, committed 3712K, reserved 1048576K
}
Event: 3.656 GC heap before
{Heap before GC invocations=6 (full 1):
 PSYoungGen      total 107520K, used 107369K [0x00000007a0000000, 0x00000007a9100000, 0x00000007c0000000)
  eden space 100864K, 100% used [0x00000007a0000000,0x00000007a6280000,0x00000007a6280000)
  from space 6656K, 97% used [0x00000007a8a80000,0x00000007a90da4d0,0x00000007a9100000)
  to   space 10752K, 0% used [0x00000007a7c00000,0x00000007a7c00000,0x00000007a8680000)
 ParOldGen       total 103936K, used 8517K [0x0000000760000000, 0x0000000766580000, 0x00000007a0000000)
  object space 103936K, 8% used [0x0000000760000000,0x0000000760851638,0x0000000766580000)
 Metaspace       used 28281K, capacity 28854K, committed 29312K, reserved 1075200K
  class space    used 3954K, capacity 4103K, committed 4224K, reserved 1048576K
Event: 3.664 GC heap after
Heap after GC invocations=6 (full 1):
 PSYoungGen      total 137728K, used 6184K [0x00000007a0000000, 0x00000007aab80000, 0x00000007c0000000)
  eden space 126976K, 0% used [0x00000007a0000000,0x00000007a0000000,0x00000007a7c00000)
  from space 10752K, 57% used [0x00000007a7c00000,0x00000007a820a2e8,0x00000007a8680000)
  to   space 12288K, 0% used [0x00000007a9f80000,0x00000007a9f80000,0x00000007aab80000)
 ParOldGen       total 103936K, used 8597K [0x0000000760000000, 0x0000000766580000, 0x00000007a0000000)
  object space 103936K, 8% used [0x0000000760000000,0x0000000760865660,0x0000000766580000)
 Metaspace       used 28281K, capacity 28854K, committed 29312K, reserved 1075200K
  class space    used 3954K, capacity 4103K, committed 4224K, reserved 1048576K
}
Event: 4.460 GC heap before
{Heap before GC invocations=7 (full 1):
 PSYoungGen      total 137728K, used 97216K [0x00000007a0000000, 0x00000007aab80000, 0x00000007c0000000)
  eden space 126976K, 71% used [0x00000007a0000000,0x00000007a58e5ed8,0x00000007a7c00000)
  from space 10752K, 57% used [0x00000007a7c00000,0x00000007a820a2e8,0x00000007a8680000)
  to   space 12288K, 0% used [0x00000007a9f80000,0x00000007a9f80000,0x00000007aab80000)
 ParOldGen       total 103936K, used 8597K [0x0000000760000000, 0x0000000766580000, 0x00000007a0000000)
  object space 103936K, 8% used [0x0000000760000000,0x0000000760865660,0x0000000766580000)
 Metaspace       used 34553K, capacity 35126K, committed 35456K, reserved 1079296K
  class space    used 4772K, capacity 4914K, committed 4992K, reserved 1048576K
Event: 4.471 GC heap after
Heap after GC invocations=7 (full 1):
 PSYoungGen      total 162304K, used 11517K [0x00000007a0000000, 0x00000007ad100000, 0x00000007c0000000)
  eden space 150016K, 0% used [0x00000007a0000000,0x00000007a0000000,0x00000007a9280000)
  from space 12288K, 93% used [0x00000007a9f80000,0x00000007aaabf780,0x00000007aab80000)
  to   space 13312K, 0% used [0x00000007a9280000,0x00000007a9280000,0x00000007a9f80000)
 ParOldGen       total 103936K, used 8605K [0x0000000760000000, 0x0000000766580000, 0x00000007a0000000)
  object space 103936K, 8% used [0x0000000760000000,0x0000000760867660,0x0000000766580000)
 Metaspace       used 34553K, capacity 35126K, committed 35456K, reserved 1079296K
  class space    used 4772K, capacity 4914K, committed 4992K, reserved 1048576K
}
Event: 4.471 GC heap before
{Heap before GC invocations=8 (full 2):
 PSYoungGen      total 162304K, used 11517K [0x00000007a0000000, 0x00000007ad100000, 0x00000007c0000000)
  eden space 150016K, 0% used [0x00000007a0000000,0x00000007a0000000,0x00000007a9280000)
  from space 12288K, 93% used [0x00000007a9f80000,0x00000007aaabf780,0x00000007aab80000)
  to   space 13312K, 0% used [0x00000007a9280000,0x00000007a9280000,0x00000007a9f80000)
 ParOldGen       total 103936K, used 8605K [0x0000000760000000, 0x0000000766580000, 0x00000007a0000000)
  object space 103936K, 8% used [0x0000000760000000,0x0000000760867660,0x0000000766580000)
 Metaspace       used 34553K, capacity 35126K, committed 35456K, reserved 1079296K
  class space    used 4772K, capacity 4914K, committed 4992K, reserved 1048576K
Event: 4.525 GC heap after
Heap after GC invocations=8 (full 2):
 PSYoungGen      total 162304K, used 0K [0x00000007a0000000, 0x00000007ad100000, 0x00000007c0000000)
  eden space 150016K, 0% used [0x00000007a0000000,0x00000007a0000000,0x00000007a9280000)
  from space 12288K, 0% used [0x00000007a9f80000,0x00000007a9f80000,0x00000007aab80000)
  to   space 13312K, 0% used [0x00000007a9280000,0x00000007a9280000,0x00000007a9f80000)
 ParOldGen       total 164864K, used 18198K [0x0000000760000000, 0x000000076a100000, 0x00000007a0000000)
  object space 164864K, 11% used [0x0000000760000000,0x00000007611c5bd0,0x000000076a100000)
 Metaspace       used 34553K, capacity 35126K, committed 35456K, reserved 1079296K
  class space    used 4772K, capacity 4914K, committed 4992K, reserved 1048576K
}

Deoptimization events (10 events):
Event: 3.972 Thread 0x00007fd4fd45c800 Uncommon trap: reason=class_check action=maybe_recompile pc=0x00000001067c411c method=java.security.MessageDigest$Delegate.engineUpdate([BII)V @ 7
Event: 4.039 Thread 0x00007fd4fd45c800 Uncommon trap: reason=class_check action=maybe_recompile pc=0x00000001067c411c method=java.security.MessageDigest$Delegate.engineUpdate([BII)V @ 7
Event: 4.039 Thread 0x00007fd4fd45c800 Uncommon trap: reason=class_check action=maybe_recompile pc=0x00000001067c411c method=java.security.MessageDigest$Delegate.engineUpdate([BII)V @ 7
Event: 4.185 Thread 0x00007fd4fd45c800 Uncommon trap: reason=unstable_if action=reinterpret pc=0x000000010617835c method=java.util.HashMap.putVal(ILjava/lang/Object;Ljava/lang/Object;ZZ)Ljava/lang/Object; @ 162
Event: 4.185 Thread 0x00007fd4fd45c800 Uncommon trap: reason=unstable_if action=reinterpret pc=0x00000001067b1fb0 method=java.util.HashMap.putVal(ILjava/lang/Object;Ljava/lang/Object;ZZ)Ljava/lang/Object; @ 162
Event: 4.185 Thread 0x00007fd4fd45c800 Uncommon trap: reason=unstable_if action=reinterpret pc=0x000000010678149c method=java.util.HashMap.putVal(ILjava/lang/Object;Ljava/lang/Object;ZZ)Ljava/lang/Object; @ 162
Event: 4.185 Thread 0x00007fd4fd45c800 Uncommon trap: reason=unstable_if action=reinterpret pc=0x0000000106051e28 method=java.util.HashMap.resize()[Ljava/util/HashMap$Node; @ 206
Event: 4.238 Thread 0x00007fd4fd45c800 Uncommon trap: reason=unstable_if action=reinterpret pc=0x0000000106935b58 method=java.lang.reflect.Modifier.toString(I)Ljava/lang/String; @ 123
Event: 4.249 Thread 0x00007fd4fd45c800 Uncommon trap: reason=unstable_if action=reinterpret pc=0x000000010695ee74 method=java.lang.reflect.Modifier.toString(I)Ljava/lang/String; @ 123
Event: 4.539 Thread 0x00007fd4fd45c800 Uncommon trap: reason=unstable_if action=reinterpret pc=0x000000010683cc04 method=java.lang.ThreadLocal.get()Ljava/lang/Object; @ 11

Internal exceptions (10 events):
Event: 3.975 Thread 0x00007fd4fd45c800 Exception <a 'sun/nio/fs/UnixException'> (0x00000007a16c3f58) thrown at [/HUDSON3/workspace/8-2-build-macosx-x86_64/jdk8u101/7261/hotspot/src/share/vm/prims/jni.cpp, line 709]
Event: 4.107 Thread 0x00007fd4fd45c800 Exception <a 'java/lang/ClassNotFoundException': org/gradle/api/plugins/BasePluginConventionBeanInfo> (0x00000007a25cc6a8) thrown at [/HUDSON3/workspace/8-2-build-macosx-x86_64/jdk8u101/7261/hotspot/src/share/vm/classfile/systemDictionary.cpp, line 210]
Event: 4.108 Thread 0x00007fd4fd45c800 Exception <a 'java/lang/ClassNotFoundException': org/gradle/api/plugins/BasePluginConventionCustomizer> (0x00000007a2603868) thrown at [/HUDSON3/workspace/8-2-build-macosx-x86_64/jdk8u101/7261/hotspot/src/share/vm/classfile/systemDictionary.cpp, line 210]
Event: 4.305 Thread 0x00007fd4fd45c800 Exception <a 'java/lang/ClassNotFoundException': org/gradle/api/plugins/JavaPluginConventionBeanInfo> (0x00000007a47bbd58) thrown at [/HUDSON3/workspace/8-2-build-macosx-x86_64/jdk8u101/7261/hotspot/src/share/vm/classfile/systemDictionary.cpp, line 210]
Event: 4.306 Thread 0x00007fd4fd45c800 Exception <a 'java/lang/ClassNotFoundException': org/gradle/api/plugins/JavaPluginConventionCustomizer> (0x00000007a47f2d30) thrown at [/HUDSON3/workspace/8-2-build-macosx-x86_64/jdk8u101/7261/hotspot/src/share/vm/classfile/systemDictionary.cpp, line 210]
Event: 4.421 Thread 0x00007fd4fd45c800 Exception <a 'java/lang/ClassNotFoundException': com/android/build/gradle/internal/api/DefaultAndroidSourceSet_DecoratedBeanInfo> (0x00000007a53c4840) thrown at [/HUDSON3/workspace/8-2-build-macosx-x86_64/jdk8u101/7261/hotspot/src/share/vm/classfile/syste
Event: 4.421 Thread 0x00007fd4fd45c800 Exception <a 'java/lang/ClassNotFoundException': com/android/build/gradle/internal/api/DefaultAndroidSourceSetBeanInfo> (0x00000007a53da290) thrown at [/HUDSON3/workspace/8-2-build-macosx-x86_64/jdk8u101/7261/hotspot/src/share/vm/classfile/systemDictionar
Event: 4.422 Thread 0x00007fd4fd45c800 Exception <a 'java/lang/ClassNotFoundException': com/android/build/gradle/internal/api/DefaultAndroidSourceSetCustomizer> (0x00000007a53f0080) thrown at [/HUDSON3/workspace/8-2-build-macosx-x86_64/jdk8u101/7261/hotspot/src/share/vm/classfile/systemDiction
Event: 4.423 Thread 0x00007fd4fd45c800 Exception <a 'java/lang/ClassNotFoundException': com/android/build/gradle/internal/api/DefaultAndroidSourceSet_DecoratedCustomizer> (0x00000007a5444eb0) thrown at [/HUDSON3/workspace/8-2-build-macosx-x86_64/jdk8u101/7261/hotspot/src/share/vm/classfile/sys
Event: 4.539 Thread 0x00007fd4fd45c800 Implicit null exception at 0x000000010683cb48 to 0x000000010683cbf1

Events (10 events):
Event: 4.546 loading class sun/security/util/MemoryCache done
Event: 4.546 loading class java/security/cert/X509Certificate
Event: 4.546 loading class java/security/cert/X509Extension
Event: 4.546 loading class java/security/cert/X509Extension done
Event: 4.547 loading class java/security/cert/X509Certificate done
Event: 4.547 Executing VM operation: Deoptimize
Event: 4.547 Executing VM operation: Deoptimize done
Event: 4.547 loading class sun/security/util/Cache$EqualByteArray
Event: 4.547 loading class sun/security/util/Cache$EqualByteArray done
Event: 4.547 loading class sun/security/x509/X509CertImpl


Dynamic libraries:
0x00000000081b4000 	/System/Library/Frameworks/Cocoa.framework/Versions/A/Cocoa
0x00000000081b4000 	/System/Library/Frameworks/Security.framework/Versions/A/Security
0x00000000081b4000 	/System/Library/Frameworks/ApplicationServices.framework/Versions/A/ApplicationServices
0x00000000081b4000 	/usr/lib/libz.1.dylib
0x00000000081b4000 	/usr/lib/libSystem.B.dylib
0x00000000081b4000 	/usr/lib/libobjc.A.dylib
0x00000000081b4000 	/System/Library/Frameworks/CoreFoundation.framework/Versions/A/CoreFoundation
0x00000000081b4000 	/System/Library/Frameworks/Foundation.framework/Versions/C/Foundation
0x00000000081b4000 	/System/Library/Frameworks/AppKit.framework/Versions/C/AppKit
0x00000000081b4000 	/System/Library/Frameworks/CoreData.framework/Versions/A/CoreData
0x00000000081b4000 	/System/Library/PrivateFrameworks/RemoteViewServices.framework/Versions/A/RemoteViewServices
0x00000000081b4000 	/System/Library/PrivateFrameworks/UIFoundation.framework/Versions/A/UIFoundation
0x00000000081b4000 	/usr/lib/libScreenReader.dylib
0x00000000081b4000 	/System/Library/Frameworks/Accelerate.framework/Versions/A/Accelerate
0x00000000081b4000 	/System/Library/Frameworks/IOSurface.framework/Versions/A/IOSurface
0x00000000081b4000 	/System/Library/Frameworks/AudioToolbox.framework/Versions/A/AudioToolbox
0x00000000081b4000 	/System/Library/Frameworks/AudioUnit.framework/Versions/A/AudioUnit
0x00000000081b4000 	/System/Library/PrivateFrameworks/DataDetectorsCore.framework/Versions/A/DataDetectorsCore
0x00000000081b4000 	/System/Library/PrivateFrameworks/DesktopServicesPriv.framework/Versions/A/DesktopServicesPriv
0x00000000081b4000 	/System/Library/Frameworks/Carbon.framework/Versions/A/Frameworks/HIToolbox.framework/Versions/A/HIToolbox
0x00000000081b4000 	/System/Library/Frameworks/QuartzCore.framework/Versions/A/QuartzCore
0x00000000081b4000 	/System/Library/Frameworks/Carbon.framework/Versions/A/Frameworks/SpeechRecognition.framework/Versions/A/SpeechRecognition
0x00000000081b4000 	/usr/lib/libauto.dylib
0x00000000081b4000 	/usr/lib/libicucore.A.dylib
0x00000000081b4000 	/usr/lib/libxml2.2.dylib
0x00000000081b4000 	/System/Library/PrivateFrameworks/CoreUI.framework/Versions/A/CoreUI
0x00000000081b4000 	/System/Library/Frameworks/CoreAudio.framework/Versions/A/CoreAudio
0x00000000081b4000 	/System/Library/Frameworks/DiskArbitration.framework/Versions/A/DiskArbitration
0x00000000081b4000 	/usr/lib/liblangid.dylib
0x00000000081b4000 	/System/Library/PrivateFrameworks/MultitouchSupport.framework/Versions/A/MultitouchSupport
0x00000000081b4000 	/System/Library/Frameworks/IOKit.framework/Versions/A/IOKit
0x00000000081b4000 	/usr/lib/libDiagnosticMessagesClient.dylib
0x00000000081b4000 	/System/Library/Frameworks/CoreServices.framework/Versions/A/CoreServices
0x00000000081b4000 	/System/Library/PrivateFrameworks/PerformanceAnalysis.framework/Versions/A/PerformanceAnalysis
0x00000000081b4000 	/System/Library/PrivateFrameworks/GenerationalStorage.framework/Versions/A/GenerationalStorage
0x00000000081b4000 	/System/Library/Frameworks/OpenGL.framework/Versions/A/OpenGL
0x00000000081b4000 	/System/Library/PrivateFrameworks/Sharing.framework/Versions/A/Sharing
0x00000000081b4000 	/System/Library/Frameworks/CoreGraphics.framework/Versions/A/CoreGraphics
0x00000000081b4000 	/System/Library/Frameworks/CoreImage.framework/Versions/A/CoreImage
0x00000000081b4000 	/System/Library/Frameworks/CoreText.framework/Versions/A/CoreText
0x00000000081b4000 	/System/Library/Frameworks/ImageIO.framework/Versions/A/ImageIO
0x00000000081b4000 	/System/Library/PrivateFrameworks/Backup.framework/Versions/A/Backup
0x00000000081b4000 	/usr/lib/libextension.dylib
0x00000000081b4000 	/usr/lib/libarchive.2.dylib
0x00000000081b4000 	/System/Library/Frameworks/CFNetwork.framework/Versions/A/CFNetwork
0x00000000081b4000 	/System/Library/Frameworks/SystemConfiguration.framework/Versions/A/SystemConfiguration
0x00000000081b4000 	/usr/lib/libCRFSuite.dylib
0x00000000081b4000 	/usr/lib/libc++.1.dylib
0x00000000081b4000 	/usr/lib/libc++abi.dylib
0x00000000081b4000 	/usr/lib/system/libcache.dylib
0x00000000081b4000 	/usr/lib/system/libcommonCrypto.dylib
0x00000000081b4000 	/usr/lib/system/libcompiler_rt.dylib
0x00000000081b4000 	/usr/lib/system/libcopyfile.dylib
0x00000000081b4000 	/usr/lib/system/libcorecrypto.dylib
0x00000000081b4000 	/usr/lib/system/libdispatch.dylib
0x00000000081b4000 	/usr/lib/system/libdyld.dylib
0x00000000081b4000 	/usr/lib/system/libkeymgr.dylib
0x00000000081b4000 	/usr/lib/system/liblaunch.dylib
0x00000000081b4000 	/usr/lib/system/libmacho.dylib
0x00000000081b4000 	/usr/lib/system/libquarantine.dylib
0x00000000081b4000 	/usr/lib/system/libremovefile.dylib
0x00000000081b4000 	/usr/lib/system/libsystem_asl.dylib
0x00000000081b4000 	/usr/lib/system/libsystem_blocks.dylib
0x00000000081b4000 	/usr/lib/system/libsystem_c.dylib
0x00000000081b4000 	/usr/lib/system/libsystem_configuration.dylib
0x00000000081b4000 	/usr/lib/system/libsystem_coreservices.dylib
0x00000000081b4000 	/usr/lib/system/libsystem_coretls.dylib
0x00000000081b4000 	/usr/lib/system/libsystem_dnssd.dylib
0x00000000081b4000 	/usr/lib/system/libsystem_info.dylib
0x00000000081b4000 	/usr/lib/system/libsystem_kernel.dylib
0x00000000081b4000 	/usr/lib/system/libsystem_m.dylib
0x00000000081b4000 	/usr/lib/system/libsystem_malloc.dylib
0x00000000081b4000 	/usr/lib/system/libsystem_network.dylib
0x00000000081b4000 	/usr/lib/system/libsystem_networkextension.dylib
0x00000000081b4000 	/usr/lib/system/libsystem_notify.dylib
0x00000000081b4000 	/usr/lib/system/libsystem_platform.dylib
0x00000000081b4000 	/usr/lib/system/libsystem_pthread.dylib
0x00000000081b4000 	/usr/lib/system/libsystem_sandbox.dylib
0x00000000081b4000 	/usr/lib/system/libsystem_secinit.dylib
0x00000000081b4000 	/usr/lib/system/libsystem_trace.dylib
0x00000000081b4000 	/usr/lib/system/libunc.dylib
0x00000000081b4000 	/usr/lib/system/libunwind.dylib
0x00000000081b4000 	/usr/lib/system/libxpc.dylib
0x00000000081b4000 	/usr/lib/libenergytrace.dylib
0x00000000081b4000 	/usr/lib/libbsm.0.dylib
0x00000000081b4000 	/usr/lib/system/libkxld.dylib
0x00000000081b4000 	/usr/lib/libxar.1.dylib
0x00000000081b4000 	/usr/lib/libsqlite3.dylib
0x00000000081b4000 	/usr/lib/libpam.2.dylib
0x00000000081b4000 	/usr/lib/libOpenScriptingUtil.dylib
0x00000000081b4000 	/usr/lib/libbz2.1.0.dylib
0x00000000081b4000 	/usr/lib/liblzma.5.dylib
0x00000000081b4000 	/System/Library/Frameworks/CoreServices.framework/Versions/A/Frameworks/FSEvents.framework/Versions/A/FSEvents
0x00000000081b4000 	/System/Library/Frameworks/CoreServices.framework/Versions/A/Frameworks/CarbonCore.framework/Versions/A/CarbonCore
0x00000000081b4000 	/System/Library/Frameworks/CoreServices.framework/Versions/A/Frameworks/Metadata.framework/Versions/A/Metadata
0x00000000081b4000 	/System/Library/Frameworks/CoreServices.framework/Versions/A/Frameworks/OSServices.framework/Versions/A/OSServices
0x00000000081b4000 	/System/Library/Frameworks/CoreServices.framework/Versions/A/Frameworks/SearchKit.framework/Versions/A/SearchKit
0x00000000081b4000 	/System/Library/Frameworks/CoreServices.framework/Versions/A/Frameworks/AE.framework/Versions/A/AE
0x00000000081b4000 	/System/Library/Frameworks/CoreServices.framework/Versions/A/Frameworks/LaunchServices.framework/Versions/A/LaunchServices
0x00000000081b4000 	/System/Library/Frameworks/CoreServices.framework/Versions/A/Frameworks/DictionaryServices.framework/Versions/A/DictionaryServices
0x00000000081b4000 	/System/Library/Frameworks/CoreServices.framework/Versions/A/Frameworks/SharedFileList.framework/Versions/A/SharedFileList
0x00000000081b4000 	/System/Library/Frameworks/NetFS.framework/Versions/A/NetFS
0x00000000081b4000 	/System/Library/PrivateFrameworks/NetAuth.framework/Versions/A/NetAuth
0x00000000081b4000 	/System/Library/PrivateFrameworks/login.framework/Versions/A/Frameworks/loginsupport.framework/Versions/A/loginsupport
0x00000000081b4000 	/System/Library/PrivateFrameworks/TCC.framework/Versions/A/TCC
0x00000000081b4000 	/usr/lib/libmecabra.dylib
0x00000000081b4000 	/System/Library/Frameworks/ApplicationServices.framework/Versions/A/Frameworks/ATS.framework/Versions/A/ATS
0x00000000081b4000 	/System/Library/Frameworks/ApplicationServices.framework/Versions/A/Frameworks/ColorSync.framework/Versions/A/ColorSync
0x00000000081b4000 	/System/Library/Frameworks/ApplicationServices.framework/Versions/A/Frameworks/HIServices.framework/Versions/A/HIServices
0x00000000081b4000 	/System/Library/Frameworks/ApplicationServices.framework/Versions/A/Frameworks/LangAnalysis.framework/Versions/A/LangAnalysis
0x00000000081b4000 	/System/Library/Frameworks/ApplicationServices.framework/Versions/A/Frameworks/PrintCore.framework/Versions/A/PrintCore
0x00000000081b4000 	/System/Library/Frameworks/ApplicationServices.framework/Versions/A/Frameworks/QD.framework/Versions/A/QD
0x00000000081b4000 	/System/Library/Frameworks/ApplicationServices.framework/Versions/A/Frameworks/SpeechSynthesis.framework/Versions/A/SpeechSynthesis
0x00000000081b4000 	/System/Library/Frameworks/Metal.framework/Versions/A/Metal
0x00000000081b4000 	/System/Library/Frameworks/Accelerate.framework/Versions/A/Frameworks/vImage.framework/Versions/A/vImage
0x00000000081b4000 	/System/Library/Frameworks/Accelerate.framework/Versions/A/Frameworks/vecLib.framework/Versions/A/vecLib
0x00000000081b4000 	/System/Library/Frameworks/Accelerate.framework/Versions/A/Frameworks/vecLib.framework/Versions/A/libvDSP.dylib
0x00000000081b4000 	/System/Library/Frameworks/Accelerate.framework/Versions/A/Frameworks/vecLib.framework/Versions/A/libvMisc.dylib
0x00000000081b4000 	/System/Library/Frameworks/Accelerate.framework/Versions/A/Frameworks/vecLib.framework/Versions/A/libLAPACK.dylib
0x00000000081b4000 	/System/Library/Frameworks/Accelerate.framework/Versions/A/Frameworks/vecLib.framework/Versions/A/libBLAS.dylib
0x00000000081b4000 	/System/Library/Frameworks/Accelerate.framework/Versions/A/Frameworks/vecLib.framework/Versions/A/libLinearAlgebra.dylib
0x00000000081b4000 	/System/Library/Frameworks/Accelerate.framework/Versions/A/Frameworks/vecLib.framework/Versions/A/libSparseBLAS.dylib
0x00000000081b4000 	/System/Library/PrivateFrameworks/GPUCompiler.framework/libmetal_timestamp.dylib
0x00000000081b4000 	/System/Library/Frameworks/OpenGL.framework/Versions/A/Libraries/libCoreFSCache.dylib
0x00000000081b4000 	/System/Library/PrivateFrameworks/IOAccelerator.framework/Versions/A/IOAccelerator
0x00000000081b4000 	/System/Library/Frameworks/ApplicationServices.framework/Versions/A/Frameworks/ATS.framework/Versions/A/Resources/libFontParser.dylib
0x00000000081b4000 	/System/Library/Frameworks/ApplicationServices.framework/Versions/A/Frameworks/ATS.framework/Versions/A/Resources/libFontRegistry.dylib
0x00000000081b4000 	/System/Library/PrivateFrameworks/AppleVPA.framework/Versions/A/AppleVPA
0x00000000081b4000 	/System/Library/PrivateFrameworks/AppleJPEG.framework/Versions/A/AppleJPEG
0x00000000081b4000 	/System/Library/Frameworks/ImageIO.framework/Versions/A/Resources/libJPEG.dylib
0x00000000081b4000 	/System/Library/Frameworks/ImageIO.framework/Versions/A/Resources/libTIFF.dylib
0x00000000081b4000 	/System/Library/Frameworks/ImageIO.framework/Versions/A/Resources/libPng.dylib
0x00000000081b4000 	/System/Library/Frameworks/ImageIO.framework/Versions/A/Resources/libGIF.dylib
0x00000000081b4000 	/System/Library/Frameworks/ImageIO.framework/Versions/A/Resources/libJP2.dylib
0x00000000081b4000 	/System/Library/Frameworks/ImageIO.framework/Versions/A/Resources/libRadiance.dylib
0x00000000081b4000 	/System/Library/Frameworks/CoreVideo.framework/Versions/A/CoreVideo
0x00000000081b4000 	/System/Library/Frameworks/OpenGL.framework/Versions/A/Libraries/libGLU.dylib
0x00000000081b4000 	/System/Library/Frameworks/OpenGL.framework/Versions/A/Libraries/libGFXShared.dylib
0x00000000081b4000 	/System/Library/Frameworks/OpenGL.framework/Versions/A/Libraries/libGL.dylib
0x00000000081b4000 	/System/Library/Frameworks/OpenGL.framework/Versions/A/Libraries/libGLImage.dylib
0x00000000081b4000 	/System/Library/Frameworks/OpenGL.framework/Versions/A/Libraries/libCVMSPluginSupport.dylib
0x00000000081b4000 	/System/Library/Frameworks/OpenGL.framework/Versions/A/Libraries/libCoreVMClient.dylib
0x00000000081b4000 	/usr/lib/libcompression.dylib
0x00000000081b4000 	/usr/lib/libcups.2.dylib
0x00000000081b4000 	/System/Library/Frameworks/Kerberos.framework/Versions/A/Kerberos
0x00000000081b4000 	/System/Library/Frameworks/GSS.framework/Versions/A/GSS
0x00000000081b4000 	/usr/lib/libresolv.9.dylib
0x00000000081b4000 	/usr/lib/libiconv.2.dylib
0x00000000081b4000 	/System/Library/PrivateFrameworks/Heimdal.framework/Versions/A/Heimdal
0x00000000081b4000 	/usr/lib/libheimdal-asn1.dylib
0x00000000081b4000 	/System/Library/Frameworks/OpenDirectory.framework/Versions/A/OpenDirectory
0x00000000081b4000 	/System/Library/PrivateFrameworks/CommonAuth.framework/Versions/A/CommonAuth
0x00000000081b4000 	/System/Library/Frameworks/OpenDirectory.framework/Versions/A/Frameworks/CFOpenDirectory.framework/Versions/A/CFOpenDirectory
0x00000000081b4000 	/System/Library/Frameworks/SecurityFoundation.framework/Versions/A/SecurityFoundation
0x00000000081b4000 	/System/Library/PrivateFrameworks/LanguageModeling.framework/Versions/A/LanguageModeling
0x00000000081b4000 	/usr/lib/libmarisa.dylib
0x00000000081b4000 	/usr/lib/libChineseTokenizer.dylib
0x00000000081b4000 	/usr/lib/libcmph.dylib
0x00000000081b4000 	/System/Library/Frameworks/ServiceManagement.framework/Versions/A/ServiceManagement
0x00000000081b4000 	/usr/lib/libxslt.1.dylib
0x00000000081b4000 	/System/Library/Frameworks/Carbon.framework/Versions/A/Frameworks/Ink.framework/Versions/A/Ink
0x00000000081b4000 	/usr/lib/libFosl_dynamic.dylib
0x00000000081b4000 	/System/Library/PrivateFrameworks/FaceCore.framework/Versions/A/FaceCore
0x00000000081b4000 	/System/Library/Frameworks/OpenCL.framework/Versions/A/OpenCL
0x00000000081b4000 	/System/Library/PrivateFrameworks/CrashReporterSupport.framework/Versions/A/CrashReporterSupport
0x00000000081b4000 	/System/Library/PrivateFrameworks/IconServices.framework/Versions/A/IconServices
0x00000000081b4000 	/System/Library/PrivateFrameworks/Apple80211.framework/Versions/A/Apple80211
0x00000000081b4000 	/System/Library/Frameworks/CoreWLAN.framework/Versions/A/CoreWLAN
0x00000000081b4000 	/System/Library/Frameworks/IOBluetooth.framework/Versions/A/IOBluetooth
0x00000000081b4000 	/System/Library/PrivateFrameworks/CoreWiFi.framework/Versions/A/CoreWiFi
0x00000000081b4000 	/System/Library/Frameworks/CoreBluetooth.framework/Versions/A/CoreBluetooth
0x00000000081b4000 	/System/Library/PrivateFrameworks/ChunkingLibrary.framework/Versions/A/ChunkingLibrary
0x00000000081b4000 	/System/Library/PrivateFrameworks/DebugSymbols.framework/Versions/A/DebugSymbols
0x00000000081b4000 	/System/Library/PrivateFrameworks/CoreSymbolication.framework/Versions/A/CoreSymbolication
0x00000000081b4000 	/System/Library/PrivateFrameworks/Symbolication.framework/Versions/A/Symbolication
0x00000000081b4000 	/System/Library/PrivateFrameworks/SpeechRecognitionCore.framework/Versions/A/SpeechRecognitionCore
0x0000000104e00000 	/Library/Java/JavaVirtualMachines/jdk1.8.0_101.jdk/Contents/Home/jre/lib/server/libjvm.dylib
0x00000000081b4000 	/usr/lib/libstdc++.6.dylib
0x0000000103c5a000 	/Library/Java/JavaVirtualMachines/jdk1.8.0_101.jdk/Contents/Home/jre/lib/libverify.dylib
0x0000000103c68000 	/Library/Java/JavaVirtualMachines/jdk1.8.0_101.jdk/Contents/Home/jre/lib/libjava.dylib
0x0000000103ca7000 	/Library/Java/JavaVirtualMachines/jdk1.8.0_101.jdk/Contents/Home/jre/lib/libzip.dylib
0x000000011af94000 	/System/Library/Frameworks/JavaVM.framework/Frameworks/JavaRuntimeSupport.framework/JavaRuntimeSupport
0x0000000103de8000 	/System/Library/Frameworks/JavaVM.framework/Versions/A/Frameworks/JavaNativeFoundation.framework/Versions/A/JavaNativeFoundation
0x000000011afaf000 	/System/Library/Frameworks/JavaVM.framework/Versions/A/JavaVM
0x00000000081b4000 	/System/Library/Frameworks/Carbon.framework/Versions/A/Carbon
0x000000011afbc000 	/System/Library/PrivateFrameworks/JavaLaunching.framework/Versions/A/JavaLaunching
0x00000000081b4000 	/System/Library/Frameworks/Carbon.framework/Versions/A/Frameworks/CommonPanels.framework/Versions/A/CommonPanels
0x00000000081b4000 	/System/Library/Frameworks/Carbon.framework/Versions/A/Frameworks/Help.framework/Versions/A/Help
0x00000000081b4000 	/System/Library/Frameworks/Carbon.framework/Versions/A/Frameworks/ImageCapture.framework/Versions/A/ImageCapture
0x00000000081b4000 	/System/Library/Frameworks/Carbon.framework/Versions/A/Frameworks/OpenScripting.framework/Versions/A/OpenScripting
0x00000000081b4000 	/System/Library/Frameworks/Carbon.framework/Versions/A/Frameworks/Print.framework/Versions/A/Print
0x00000000081b4000 	/System/Library/Frameworks/Carbon.framework/Versions/A/Frameworks/SecurityHI.framework/Versions/A/SecurityHI
0x000000011cc7a000 	/Library/Java/JavaVirtualMachines/jdk1.8.0_101.jdk/Contents/Home/jre/lib/libnet.dylib
0x000000011ccd9000 	/Library/Java/JavaVirtualMachines/jdk1.8.0_101.jdk/Contents/Home/jre/lib/libnio.dylib
0x000000011cce9000 	/Users/Millochka/.gradle/native/19/osx-amd64/libnative-platform.dylib
0x000000011d008000 	/Library/Java/JavaVirtualMachines/jdk1.8.0_101.jdk/Contents/Home/jre/lib/libmanagement.dylib

VM Arguments:
jvm_args: -Xmx1536m -Dfile.encoding=UTF-8 -Duser.country=US -Duser.language=en -Duser.variant 
java_command: org.gradle.launcher.daemon.bootstrap.GradleDaemon 2.14.1
java_class_path (initial): /Users/Millochka/.gradle/wrapper/dists/gradle-2.14.1-all/8bnwg5hd3w55iofp58khbp6yv/gradle-2.14.1/lib/gradle-launcher-2.14.1.jar
Launcher Type: SUN_STANDARD

Environment Variables:
PATH=/usr/bin:/bin:/usr/sbin:/sbin
SHELL=/bin/bash

Signal Handlers:
SIGSEGV: [libjvm.dylib+0x5af145], sa_mask[0]=11111111011111110111111111111111, sa_flags=SA_ONSTACK|SA_RESTART|SA_SIGINFO
SIGBUS: [libjvm.dylib+0x5af145], sa_mask[0]=11111111011111110111111111111111, sa_flags=SA_RESTART|SA_SIGINFO
SIGFPE: [libjvm.dylib+0x48694c], sa_mask[0]=11111111011111110111111111111111, sa_flags=SA_RESTART|SA_SIGINFO
SIGPIPE: [libjvm.dylib+0x48694c], sa_mask[0]=11111111011111110111111111111111, sa_flags=SA_RESTART|SA_SIGINFO
SIGXFSZ: [libjvm.dylib+0x48694c], sa_mask[0]=11111111011111110111111111111111, sa_flags=SA_RESTART|SA_SIGINFO
SIGILL: [libjvm.dylib+0x48694c], sa_mask[0]=11111111011111110111111111111111, sa_flags=SA_RESTART|SA_SIGINFO
SIGUSR1: SIG_DFL, sa_mask[0]=00000000000000000000000000000000, sa_flags=none
SIGUSR2: [libjvm.dylib+0x48646a], sa_mask[0]=00100000000000000000000000000000, sa_flags=SA_RESTART|SA_SIGINFO
SIGHUP: [libjvm.dylib+0x484a41], sa_mask[0]=11111111011111110111111111111111, sa_flags=SA_RESTART|SA_SIGINFO
SIGINT: [libjvm.dylib+0x484a41], sa_mask[0]=11111111011111110111111111111111, sa_flags=SA_RESTART|SA_SIGINFO
SIGTERM: [libjvm.dylib+0x484a41], sa_mask[0]=11111111011111110111111111111111, sa_flags=SA_RESTART|SA_SIGINFO
SIGQUIT: [libjvm.dylib+0x484a41], sa_mask[0]=11111111011111110111111111111111, sa_flags=SA_RESTART|SA_SIGINFO


---------------  S Y S T E M  ---------------

OS:Bsduname:Darwin 15.6.0 Darwin Kernel Version 15.6.0: Thu Sep  1 15:01:16 PDT 2016; root:xnu-3248.60.11~2/RELEASE_X86_64 x86_64
rlimit: STACK 8192k, CORE 0k, NPROC 709, NOFILE 10240, AS infinity
load average:2.12 1.48 2.04

CPU:total 8 (4 cores per cpu, 2 threads per core) family 6 model 70 stepping 1, cmov, cx8, fxsr, mmx, sse, sse2, sse3, ssse3, sse4.1, sse4.2, popcnt, avx, avx2, aes, clmul, erms, lzcnt, ht, tsc, tscinvbit, bmi1, bmi2

Memory: 4k page, physical 16777216k(3784516k free)

/proc/meminfo:


vm_info: Java HotSpot(TM) 64-Bit Server VM (25.101-b13) for bsd-amd64 JRE (1.8.0_101-b13), built on Jun 22 2016 02:42:15 by "java_re" with gcc 4.2.1 (Based on Apple Inc. build 5658) (LLVM build 2336.11.00)

time: Mon Feb 20 21:24:59 2017
elapsed time: 4 seconds (0d 0h 0m 4s)

